d:\studies\c++\computational geometry\computational geometry\x64\debug\vc143.pdb
d:\studies\c++\computational geometry\computational geometry\x64\debug\vc143.idb
d:\studies\c++\computational geometry\computational geometry\x64\debug\main.obj
d:\studies\c++\computational geometry\computational geometry\x64\debug\triangulation.obj
d:\studies\c++\computational geometry\computational geometry\x64\debug\polygon.obj
d:\studies\c++\computational geometry\computational geometry\x64\debug\point.obj
d:\studies\c++\computational geometry\computational geometry\x64\debug\line.obj
d:\studies\c++\computational geometry\computational geometry\x64\debug\intersection.obj
d:\studies\c++\computational geometry\computational geometry\x64\debug\distance.obj
d:\studies\c++\computational geometry\computational geometry\x64\debug\geoutils.obj
d:\studies\c++\computational geometry\computational geometry\x64\debug\vector.obj
d:\studies\c++\computational geometry\computational geometry\x64\debug\angle.obj
d:\studies\c++\computational geometry\x64\debug\computational geometry.exe
d:\studies\c++\computational geometry\computational geometry\x64\debug\computational geometry.ilk
d:\studies\c++\computational geometry\x64\debug\computational geometry.pdb
d:\studies\c++\computational geometry\computational geometry\x64\debug\computat.2657fe10.tlog\cl.command.1.tlog
d:\studies\c++\computational geometry\computational geometry\x64\debug\computat.2657fe10.tlog\cl.items.tlog
d:\studies\c++\computational geometry\computational geometry\x64\debug\computat.2657fe10.tlog\cl.read.1.tlog
d:\studies\c++\computational geometry\computational geometry\x64\debug\computat.2657fe10.tlog\cl.write.1.tlog
d:\studies\c++\computational geometry\computational geometry\x64\debug\computat.2657fe10.tlog\link.command.1.tlog
d:\studies\c++\computational geometry\computational geometry\x64\debug\computat.2657fe10.tlog\link.read.1.tlog
d:\studies\c++\computational geometry\computational geometry\x64\debug\computat.2657fe10.tlog\link.write.1.tlog
